<?xml version="1.0" encoding="UTF-8"?>
<!-- Generated by org.testng.reporters.JUnitXMLReporter -->
<testsuite ignored="0" hostname="ZIL1280" failures="0" tests="3" name="Guest User - Plans Availability" time="45.137" errors="0" timestamp="2023-12-17T20:06:30 IST">
  <testcase classname="com.perficient.testCases.Desktop.purdy.Verify_Login_Page_with_valid_credentials" name="customerLogin" time="13.413"/>
  <testcase classname="com.perficient.testCases.Desktop.purdy.Verify_Login_Page_with_valid_credentials" name="redirectToLoginPage" time="13.906"/>
  <testcase classname="com.perficient.testCases.Desktop.purdy.Verify_Login_Page_with_valid_credentials" name="homePageValidationAfterLogin" time="14.487"/>
</testsuite> <!-- Guest User - Plans Availability -->
