<?xml version="1.0" encoding="UTF-8"?>
<testsuite xmlns:xsi="http://www.w3.org/2001/XMLSchema-instance" xsi:noNamespaceSchemaLocation="https://maven.apache.org/surefire/maven-surefire-plugin/xsd/surefire-test-report.xsd" name="TestSuite" time="105.12" tests="8" errors="0" skipped="0" failures="2">
  <properties>
[...]
</properties>
  <testcase name="customerLogin" classname="com.perficient.testCases.Desktop.purdy.Verify_Login_Page_with_valid_credentials" time="13.413"/>
  <testcase name="redirectToLoginPage" classname="com.perficient.testCases.Desktop.purdy.Verify_Login_Page_with_valid_credentials" time="13.907"/>
  <testcase name="homePageValidationAfterLogin" classname="com.perficient.testCases.Desktop.purdy.Verify_Login_Page_with_valid_credentials" time="14.486"/>
  <testcase name="afterSuite" classname="com.perficient.testCases.Desktop.purdy.Verify_Login_Page_with_valid_credentials" time="14.9">
    <failure message="java.io.FileNotFoundException: .\test-output\Report-Stage-TQA_Regression_Boost_1-2023.12.17_08.05.48.zip (The system cannot find the path specified)" type="net.lingala.zip4j.exception.ZipException">net.lingala.zip4j.exception.ZipException: java.io.FileNotFoundException: .\test-output\Report-Stage-TQA_Regression_Boost_1-2023.12.17_08.05.48.zip (The system cannot find the path specified)
Caused by: java.io.FileNotFoundException: .\test-output\Report-Stage-TQA_Regression_Boost_1-2023.12.17_08.05.48.zip (The system cannot find the path specified)
</failure>
    <system-err><![CDATA[[main] INFO com.perficient.testCases.Desktop.purdy.Verify_Login_Page_with_valid_credentials - homePageValidationAfterLogin : pass
[main] INFO com.perficient.util.TestData - Read test data file mailreport.properties
log4j:WARN No appenders could be found for logger (freemarker.cache).
log4j:WARN Please initialize the log4j system properly.
Dec 17, 2023 8:06:30 PM com.aventstack.extentreports.utils.Writer write
SEVERE: .\test-output\Report-Stage-TQA_Regression_Boost_1-2023.12.17_08.05.48.html
java.io.FileNotFoundException: .\test-output\Report-Stage-TQA_Regression_Boost_1-2023.12.17_08.05.48.html (The system cannot find the path specified)
	at java.base/java.io.FileOutputStream.open0(Native Method)
	at java.base/java.io.FileOutputStream.open(FileOutputStream.java:298)
	at java.base/java.io.FileOutputStream.<init>(FileOutputStream.java:237)
	at java.base/java.io.FileOutputStream.<init>(FileOutputStream.java:187)
	at java.base/java.io.FileWriter.<init>(FileWriter.java:96)
	at com.aventstack.extentreports.utils.Writer.write(Writer.java:22)
	at com.aventstack.extentreports.reporter.ExtentHtmlReporter.flush(ExtentHtmlReporter.java:130)
	at java.base/java.util.ArrayList.forEach(ArrayList.java:1541)
	at com.aventstack.extentreports.Report.notifyReporters(Report.java:165)
	at com.aventstack.extentreports.Report.flush(Report.java:122)
	at com.aventstack.extentreports.ExtentReports.flush(ExtentReports.java:257)
	at com.perficient.util.ComplexReportFactory.closeReport(ComplexReportFactory.java:128)
	at com.perficient.util.TestCaseBase.afterSuite(TestCaseBase.java:217)
	at java.base/jdk.internal.reflect.NativeMethodAccessorImpl.invoke0(Native Method)
	at java.base/jdk.internal.reflect.NativeMethodAccessorImpl.invoke(NativeMethodAccessorImpl.java:62)
	at java.base/jdk.internal.reflect.DelegatingMethodAccessorImpl.invoke(DelegatingMethodAccessorImpl.java:43)
	at java.base/java.lang.reflect.Method.invoke(Method.java:566)
	at org.testng.internal.invokers.MethodInvocationHelper.invokeMethod(MethodInvocationHelper.java:139)
	at org.testng.internal.invokers.MethodInvocationHelper.invokeMethodConsideringTimeout(MethodInvocationHelper.java:69)
	at org.testng.internal.invokers.ConfigInvoker.invokeConfigurationMethod(ConfigInvoker.java:390)
	at org.testng.internal.invokers.ConfigInvoker.invokeConfigurations(ConfigInvoker.java:325)
	at org.testng.SuiteRunner.privateRun(SuiteRunner.java:410)
	at org.testng.SuiteRunner.run(SuiteRunner.java:336)
	at org.testng.SuiteRunnerWorker.runSuite(SuiteRunnerWorker.java:52)
	at org.testng.SuiteRunnerWorker.run(SuiteRunnerWorker.java:95)
	at org.testng.TestNG.runSuitesSequentially(TestNG.java:1280)
	at org.testng.TestNG.runSuitesLocally(TestNG.java:1200)
	at org.testng.TestNG.runSuites(TestNG.java:1114)
	at org.testng.TestNG.run(TestNG.java:1082)
	at org.apache.maven.surefire.testng.TestNGExecutor.run(TestNGExecutor.java:283)
	at org.apache.maven.surefire.testng.TestNGXmlTestSuite.execute(TestNGXmlTestSuite.java:75)
	at org.apache.maven.surefire.testng.TestNGProvider.invoke(TestNGProvider.java:120)
	at org.apache.maven.surefire.booter.ForkedBooter.invokeProviderInSameClassLoader(ForkedBooter.java:384)
	at org.apache.maven.surefire.booter.ForkedBooter.runSuitesInProcess(ForkedBooter.java:345)
	at org.apache.maven.surefire.booter.ForkedBooter.execute(ForkedBooter.java:126)
	at org.apache.maven.surefire.booter.ForkedBooter.main(ForkedBooter.java:418)

Dec 17, 2023 8:06:30 PM com.aventstack.extentreports.utils.Writer write
SEVERE: .\test-output\Report-Stage-TQA_Regression_Boost_1-2023.12.17_08.05.48.html
java.io.FileNotFoundException: .\test-output\Report-Stage-TQA_Regression_Boost_1-2023.12.17_08.05.48.html (The system cannot find the path specified)
	at java.base/java.io.FileOutputStream.open0(Native Method)
	at java.base/java.io.FileOutputStream.open(FileOutputStream.java:298)
	at java.base/java.io.FileOutputStream.<init>(FileOutputStream.java:237)
	at java.base/java.io.FileOutputStream.<init>(FileOutputStream.java:187)
	at java.base/java.io.FileWriter.<init>(FileWriter.java:96)
	at com.aventstack.extentreports.utils.Writer.write(Writer.java:22)
	at com.aventstack.extentreports.reporter.ExtentHtmlReporter.flush(ExtentHtmlReporter.java:130)
	at java.base/java.util.ArrayList.forEach(ArrayList.java:1541)
	at com.aventstack.extentreports.Report.notifyReporters(Report.java:165)
	at com.aventstack.extentreports.Report.flush(Report.java:122)
	at com.aventstack.extentreports.ExtentReports.flush(ExtentReports.java:257)
	at com.aventstack.extentreports.Report.end(Report.java:169)
	at com.aventstack.extentreports.ExtentReports.close(ExtentReports.java:261)
	at com.perficient.util.ComplexReportFactory.closeReport(ComplexReportFactory.java:129)
	at com.perficient.util.TestCaseBase.afterSuite(TestCaseBase.java:217)
	at java.base/jdk.internal.reflect.NativeMethodAccessorImpl.invoke0(Native Method)
	at java.base/jdk.internal.reflect.NativeMethodAccessorImpl.invoke(NativeMethodAccessorImpl.java:62)
	at java.base/jdk.internal.reflect.DelegatingMethodAccessorImpl.invoke(DelegatingMethodAccessorImpl.java:43)
	at java.base/java.lang.reflect.Method.invoke(Method.java:566)
	at org.testng.internal.invokers.MethodInvocationHelper.invokeMethod(MethodInvocationHelper.java:139)
	at org.testng.internal.invokers.MethodInvocationHelper.invokeMethodConsideringTimeout(MethodInvocationHelper.java:69)
	at org.testng.internal.invokers.ConfigInvoker.invokeConfigurationMethod(ConfigInvoker.java:390)
	at org.testng.internal.invokers.ConfigInvoker.invokeConfigurations(ConfigInvoker.java:325)
	at org.testng.SuiteRunner.privateRun(SuiteRunner.java:410)
	at org.testng.SuiteRunner.run(SuiteRunner.java:336)
	at org.testng.SuiteRunnerWorker.runSuite(SuiteRunnerWorker.java:52)
	at org.testng.SuiteRunnerWorker.run(SuiteRunnerWorker.java:95)
	at org.testng.TestNG.runSuitesSequentially(TestNG.java:1280)
	at org.testng.TestNG.runSuitesLocally(TestNG.java:1200)
	at org.testng.TestNG.runSuites(TestNG.java:1114)
	at org.testng.TestNG.run(TestNG.java:1082)
	at org.apache.maven.surefire.testng.TestNGExecutor.run(TestNGExecutor.java:283)
	at org.apache.maven.surefire.testng.TestNGXmlTestSuite.execute(TestNGXmlTestSuite.java:75)
	at org.apache.maven.surefire.testng.TestNGProvider.invoke(TestNGProvider.java:120)
	at org.apache.maven.surefire.booter.ForkedBooter.invokeProviderInSameClassLoader(ForkedBooter.java:384)
	at org.apache.maven.surefire.booter.ForkedBooter.runSuitesInProcess(ForkedBooter.java:345)
	at org.apache.maven.surefire.booter.ForkedBooter.execute(ForkedBooter.java:126)
	at org.apache.maven.surefire.booter.ForkedBooter.main(ForkedBooter.java:418)

]]></system-err>
  </testcase>
  <testcase name="customerLogin" classname="com.perficient.testCases.Mobile.purdy.Verify_Login_Page_with_valid_credentials" time="13.027"/>
  <testcase name="redirectToLoginPage" classname="com.perficient.testCases.Mobile.purdy.Verify_Login_Page_with_valid_credentials" time="21.012"/>
  <testcase name="homePageValidationAfterLogin" classname="com.perficient.testCases.Mobile.purdy.Verify_Login_Page_with_valid_credentials" time="22.748"/>
  <testcase name="afterSuite" classname="com.perficient.testCases.Mobile.purdy.Verify_Login_Page_with_valid_credentials" time="22.765">
    <failure message="java.io.FileNotFoundException: .\test-output\Report-Stage-TQA_Regression_Boost_1-2023.12.17_08.05.48.zip (The system cannot find the path specified)" type="net.lingala.zip4j.exception.ZipException">net.lingala.zip4j.exception.ZipException: java.io.FileNotFoundException: .\test-output\Report-Stage-TQA_Regression_Boost_1-2023.12.17_08.05.48.zip (The system cannot find the path specified)
Caused by: java.io.FileNotFoundException: .\test-output\Report-Stage-TQA_Regression_Boost_1-2023.12.17_08.05.48.zip (The system cannot find the path specified)
</failure>
    <system-err><![CDATA[[main] INFO com.perficient.testCases.Mobile.purdy.Verify_Login_Page_with_valid_credentials - homePageValidationAfterLogin : pass
[main] INFO com.perficient.util.TestData - Read test data file mailreport.properties
]]></system-err>
  </testcase>
</testsuite>