<?xml version="1.0" encoding="UTF-8"?>
<testng-results ignored="0" total="6" passed="6" failed="0" skipped="0">
  <reporter-output>
  </reporter-output>
  <suite started-at="2023-12-17T20:05:45 IST" name="Suite" finished-at="2023-12-17T20:06:30 IST" duration-ms="45137">
    <groups>
      <group name="desktop">
        <method signature="Verify_Login_Page_with_valid_credentials.customerLogin(java.util.Hashtable)[pri:0, instance:com.perficient.testCases.Desktop.purdy.Verify_Login_Page_with_valid_credentials@782859e]" name="customerLogin" class="com.perficient.testCases.Desktop.purdy.Verify_Login_Page_with_valid_credentials"/>
        <method signature="Verify_Login_Page_with_valid_credentials.redirectToLoginPage(java.util.Hashtable)[pri:1, instance:com.perficient.testCases.Desktop.purdy.Verify_Login_Page_with_valid_credentials@782859e]" name="redirectToLoginPage" class="com.perficient.testCases.Desktop.purdy.Verify_Login_Page_with_valid_credentials"/>
        <method signature="Verify_Login_Page_with_valid_credentials.homePageValidationAfterLogin(java.util.Hashtable)[pri:2, instance:com.perficient.testCases.Desktop.purdy.Verify_Login_Page_with_valid_credentials@782859e]" name="homePageValidationAfterLogin" class="com.perficient.testCases.Desktop.purdy.Verify_Login_Page_with_valid_credentials"/>
      </group> <!-- desktop -->
      <group name="smokes">
        <method signature="Verify_Login_Page_with_valid_credentials.customerLogin(java.util.Hashtable)[pri:0, instance:com.perficient.testCases.Desktop.purdy.Verify_Login_Page_with_valid_credentials@782859e]" name="customerLogin" class="com.perficient.testCases.Desktop.purdy.Verify_Login_Page_with_valid_credentials"/>
        <method signature="Verify_Login_Page_with_valid_credentials.redirectToLoginPage(java.util.Hashtable)[pri:1, instance:com.perficient.testCases.Desktop.purdy.Verify_Login_Page_with_valid_credentials@782859e]" name="redirectToLoginPage" class="com.perficient.testCases.Desktop.purdy.Verify_Login_Page_with_valid_credentials"/>
        <method signature="Verify_Login_Page_with_valid_credentials.homePageValidationAfterLogin(java.util.Hashtable)[pri:2, instance:com.perficient.testCases.Desktop.purdy.Verify_Login_Page_with_valid_credentials@782859e]" name="homePageValidationAfterLogin" class="com.perficient.testCases.Desktop.purdy.Verify_Login_Page_with_valid_credentials"/>
      </group> <!-- smokes -->
      <group name="regression">
        <method signature="Verify_Login_Page_with_valid_credentials.customerLogin(java.util.Hashtable)[pri:0, instance:com.perficient.testCases.Desktop.purdy.Verify_Login_Page_with_valid_credentials@782859e]" name="customerLogin" class="com.perficient.testCases.Desktop.purdy.Verify_Login_Page_with_valid_credentials"/>
        <method signature="Verify_Login_Page_with_valid_credentials.redirectToLoginPage(java.util.Hashtable)[pri:1, instance:com.perficient.testCases.Desktop.purdy.Verify_Login_Page_with_valid_credentials@782859e]" name="redirectToLoginPage" class="com.perficient.testCases.Desktop.purdy.Verify_Login_Page_with_valid_credentials"/>
        <method signature="Verify_Login_Page_with_valid_credentials.homePageValidationAfterLogin(java.util.Hashtable)[pri:2, instance:com.perficient.testCases.Desktop.purdy.Verify_Login_Page_with_valid_credentials@782859e]" name="homePageValidationAfterLogin" class="com.perficient.testCases.Desktop.purdy.Verify_Login_Page_with_valid_credentials"/>
      </group> <!-- regression -->
    </groups>
    <test started-at="2023-12-17T20:05:45 IST" name="Guest User - Plans Availability" finished-at="2023-12-17T20:06:30 IST" duration-ms="45137">
      <class name="com.perficient.testCases.Desktop.purdy.Verify_Login_Page_with_valid_credentials">
        <test-method is-config="true" signature="generateBuildNumber()[pri:0, instance:com.perficient.testCases.Desktop.purdy.Verify_Login_Page_with_valid_credentials@782859e]" started-at="2023-12-17T20:05:45 IST" name="generateBuildNumber" finished-at="2023-12-17T20:05:45 IST" duration-ms="54" status="PASS">
          <reporter-output>
          </reporter-output>
        </test-method> <!-- generateBuildNumber -->
        <test-method is-config="true" signature="setUpBrowser(java.lang.String,java.lang.String,java.lang.String,java.lang.String,java.lang.String,java.lang.String,java.lang.String,java.lang.String,java.lang.String,java.lang.String,java.lang.String,java.lang.String,java.lang.String,java.lang.String,java.lang.String,java.lang.String)[pri:0, instance:com.perficient.testCases.Desktop.purdy.Verify_Login_Page_with_valid_credentials@782859e]" started-at="2023-12-17T20:05:45 IST" name="setUpBrowser" finished-at="2023-12-17T20:05:47 IST" duration-ms="2432" status="PASS">
          <params>
            <param index="0">
              <value>
                <![CDATA[chromeDesktop]]>
              </value>
            </param>
            <param index="1">
              <value>
                <![CDATA[false]]>
              </value>
            </param>
            <param index="2">
              <value>
                <![CDATA[localhost]]>
              </value>
            </param>
            <param index="3">
              <value>
                <![CDATA[4444]]>
              </value>
            </param>
            <param index="4">
              <value>
                <![CDATA[test]]>
              </value>
            </param>
            <param index="5">
              <value>
                <![CDATA[10.128.190.5]]>
              </value>
            </param>
            <param index="6">
              <value>
                <![CDATA[9200]]>
              </value>
            </param>
            <param index="7">
              <value>
                <![CDATA[ngpautomation]]>
              </value>
            </param>
            <param index="8">
              <value>
                <![CDATA[_doc]]>
              </value>
            </param>
            <param index="9">
              <value>
                <![CDATA[testing]]>
              </value>
            </param>
            <param index="10">
              <value>
                <![CDATA[TQA_Regression_Boost_1]]>
              </value>
            </param>
            <param index="11">
              <value>
                <![CDATA[Mac]]>
              </value>
            </param>
            <param index="12">
              <value>
                <![CDATA[macOS Catalina]]>
              </value>
            </param>
            <param index="13">
              <value>
                <![CDATA[117]]>
              </value>
            </param>
            <param index="14">
              <value>
                <![CDATA[3840x216]]>
              </value>
            </param>
            <param index="15">
              <value>
                <![CDATA[US East]]>
              </value>
            </param>
          </params>
          <reporter-output>
          </reporter-output>
        </test-method> <!-- setUpBrowser -->
        <test-method is-config="true" signature="beforeMethod(java.lang.reflect.Method)[pri:0, instance:com.perficient.testCases.Desktop.purdy.Verify_Login_Page_with_valid_credentials@782859e]" started-at="2023-12-17T20:05:48 IST" name="beforeMethod" finished-at="2023-12-17T20:05:48 IST" duration-ms="178" status="PASS">
          <params>
            <param index="0">
              <value>
                <![CDATA[public void com.perficient.testCases.Desktop.purdy.Verify_Login_Page_with_valid_credentials.customerLogin(java.util.Hashtable) throws java.lang.Exception]]>
              </value>
            </param>
          </params>
          <reporter-output>
          </reporter-output>
        </test-method> <!-- beforeMethod -->
        <test-method signature="customerLogin(java.util.Hashtable)[pri:0, instance:com.perficient.testCases.Desktop.purdy.Verify_Login_Page_with_valid_credentials@782859e]" started-at="2023-12-17T20:05:48 IST" name="customerLogin" data-provider="get_Data_Verify_Login_Page_with_valid_credentials" finished-at="2023-12-17T20:06:01 IST" duration-ms="13413" status="PASS">
          <params>
            <param index="0">
              <value>
                <![CDATA[{EmailID=pratikhood001@gmail.com, Password=Aali@123, HomePageTitle=Chocolate Shop | Chocolate | Purdys Chocolatier, LoginPageTitle=Customer Login}]]>
              </value>
            </param>
          </params>
          <reporter-output>
          </reporter-output>
        </test-method> <!-- customerLogin -->
        <test-method is-config="true" signature="afterMethod(java.lang.reflect.Method)[pri:0, instance:com.perficient.testCases.Desktop.purdy.Verify_Login_Page_with_valid_credentials@782859e]" started-at="2023-12-17T20:06:01 IST" name="afterMethod" finished-at="2023-12-17T20:06:01 IST" duration-ms="1" status="PASS">
          <params>
            <param index="0">
              <value>
                <![CDATA[public void com.perficient.testCases.Desktop.purdy.Verify_Login_Page_with_valid_credentials.customerLogin(java.util.Hashtable) throws java.lang.Exception]]>
              </value>
            </param>
          </params>
          <reporter-output>
          </reporter-output>
        </test-method> <!-- afterMethod -->
        <test-method is-config="true" signature="beforeMethod(java.lang.reflect.Method)[pri:0, instance:com.perficient.testCases.Desktop.purdy.Verify_Login_Page_with_valid_credentials@782859e]" started-at="2023-12-17T20:06:01 IST" name="beforeMethod" finished-at="2023-12-17T20:06:01 IST" duration-ms="3" status="PASS">
          <params>
            <param index="0">
              <value>
                <![CDATA[public void com.perficient.testCases.Desktop.purdy.Verify_Login_Page_with_valid_credentials.redirectToLoginPage(java.util.Hashtable) throws java.lang.Exception]]>
              </value>
            </param>
          </params>
          <reporter-output>
          </reporter-output>
        </test-method> <!-- beforeMethod -->
        <test-method signature="redirectToLoginPage(java.util.Hashtable)[pri:1, instance:com.perficient.testCases.Desktop.purdy.Verify_Login_Page_with_valid_credentials@782859e]" started-at="2023-12-17T20:06:01 IST" name="redirectToLoginPage" data-provider="get_Data_Verify_Login_Page_with_valid_credentials" finished-at="2023-12-17T20:06:15 IST" duration-ms="13906" status="PASS">
          <params>
            <param index="0">
              <value>
                <![CDATA[{EmailID=pratikhood001@gmail.com, Password=Aali@123, HomePageTitle=Chocolate Shop | Chocolate | Purdys Chocolatier, LoginPageTitle=Customer Login}]]>
              </value>
            </param>
          </params>
          <reporter-output>
          </reporter-output>
        </test-method> <!-- redirectToLoginPage -->
        <test-method is-config="true" signature="afterMethod(java.lang.reflect.Method)[pri:0, instance:com.perficient.testCases.Desktop.purdy.Verify_Login_Page_with_valid_credentials@782859e]" started-at="2023-12-17T20:06:15 IST" name="afterMethod" finished-at="2023-12-17T20:06:15 IST" duration-ms="0" status="PASS">
          <params>
            <param index="0">
              <value>
                <![CDATA[public void com.perficient.testCases.Desktop.purdy.Verify_Login_Page_with_valid_credentials.redirectToLoginPage(java.util.Hashtable) throws java.lang.Exception]]>
              </value>
            </param>
          </params>
          <reporter-output>
          </reporter-output>
        </test-method> <!-- afterMethod -->
        <test-method is-config="true" signature="beforeMethod(java.lang.reflect.Method)[pri:0, instance:com.perficient.testCases.Desktop.purdy.Verify_Login_Page_with_valid_credentials@782859e]" started-at="2023-12-17T20:06:15 IST" name="beforeMethod" finished-at="2023-12-17T20:06:15 IST" duration-ms="2" status="PASS">
          <params>
            <param index="0">
              <value>
                <![CDATA[public void com.perficient.testCases.Desktop.purdy.Verify_Login_Page_with_valid_credentials.homePageValidationAfterLogin(java.util.Hashtable) throws java.lang.Exception]]>
              </value>
            </param>
          </params>
          <reporter-output>
          </reporter-output>
        </test-method> <!-- beforeMethod -->
        <test-method signature="homePageValidationAfterLogin(java.util.Hashtable)[pri:2, instance:com.perficient.testCases.Desktop.purdy.Verify_Login_Page_with_valid_credentials@782859e]" started-at="2023-12-17T20:06:15 IST" name="homePageValidationAfterLogin" data-provider="get_Data_Verify_Login_Page_with_valid_credentials" finished-at="2023-12-17T20:06:30 IST" duration-ms="14487" status="PASS">
          <params>
            <param index="0">
              <value>
                <![CDATA[{EmailID=pratikhood001@gmail.com, Password=Aali@123, HomePageTitle=Chocolate Shop | Chocolate | Purdys Chocolatier, LoginPageTitle=Customer Login}]]>
              </value>
            </param>
          </params>
          <reporter-output>
          </reporter-output>
        </test-method> <!-- homePageValidationAfterLogin -->
        <test-method is-config="true" signature="afterMethod(java.lang.reflect.Method)[pri:0, instance:com.perficient.testCases.Desktop.purdy.Verify_Login_Page_with_valid_credentials@782859e]" started-at="2023-12-17T20:06:30 IST" name="afterMethod" finished-at="2023-12-17T20:06:30 IST" duration-ms="0" status="PASS">
          <params>
            <param index="0">
              <value>
                <![CDATA[public void com.perficient.testCases.Desktop.purdy.Verify_Login_Page_with_valid_credentials.homePageValidationAfterLogin(java.util.Hashtable) throws java.lang.Exception]]>
              </value>
            </param>
          </params>
          <reporter-output>
          </reporter-output>
        </test-method> <!-- afterMethod -->
        <test-method is-config="true" signature="afterSuite()[pri:0, instance:com.perficient.testCases.Desktop.purdy.Verify_Login_Page_with_valid_credentials@782859e]" started-at="2023-12-17T20:06:30 IST" name="afterSuite" finished-at="2023-12-17T20:06:30 IST" duration-ms="377" status="FAIL">
          <exception class="net.lingala.zip4j.exception.ZipException">
            <message>
              <![CDATA[java.io.FileNotFoundException: .\test-output\Report-Stage-TQA_Regression_Boost_1-2023.12.17_08.05.48.zip (The system cannot find the path specified)]]>
            </message>
            <full-stacktrace>
              <![CDATA[net.lingala.zip4j.exception.ZipException: java.io.FileNotFoundException: .\test-output\Report-Stage-TQA_Regression_Boost_1-2023.12.17_08.05.48.zip (The system cannot find the path specified)
at net.lingala.zip4j.zip.ZipEngine.initAddFiles(ZipEngine.java:187)
at net.lingala.zip4j.zip.ZipEngine.addFiles(ZipEngine.java:85)
at net.lingala.zip4j.core.ZipFile.addFiles(ZipFile.java:292)
at net.lingala.zip4j.core.ZipFile.addFile(ZipFile.java:250)
at com.perficient.util.ZipAndMail.convertToZip(ZipAndMail.java:65)
at com.perficient.util.TestCaseBase.zipAndMail(TestCaseBase.java:1012)
at com.perficient.util.TestCaseBase.afterSuite(TestCaseBase.java:219)
at java.base/jdk.internal.reflect.NativeMethodAccessorImpl.invoke0(Native Method)
at java.base/jdk.internal.reflect.NativeMethodAccessorImpl.invoke(NativeMethodAccessorImpl.java:62)
at java.base/jdk.internal.reflect.DelegatingMethodAccessorImpl.invoke(DelegatingMethodAccessorImpl.java:43)
at java.base/java.lang.reflect.Method.invoke(Method.java:566)
at org.testng.internal.invokers.MethodInvocationHelper.invokeMethod(MethodInvocationHelper.java:139)
at org.testng.internal.invokers.MethodInvocationHelper.invokeMethodConsideringTimeout(MethodInvocationHelper.java:69)
at org.testng.internal.invokers.ConfigInvoker.invokeConfigurationMethod(ConfigInvoker.java:390)
at org.testng.internal.invokers.ConfigInvoker.invokeConfigurations(ConfigInvoker.java:325)
at org.testng.SuiteRunner.privateRun(SuiteRunner.java:410)
at org.testng.SuiteRunner.run(SuiteRunner.java:336)
at org.testng.SuiteRunnerWorker.runSuite(SuiteRunnerWorker.java:52)
at org.testng.SuiteRunnerWorker.run(SuiteRunnerWorker.java:95)
at org.testng.TestNG.runSuitesSequentially(TestNG.java:1280)
at org.testng.TestNG.runSuitesLocally(TestNG.java:1200)
at org.testng.TestNG.runSuites(TestNG.java:1114)
at org.testng.TestNG.run(TestNG.java:1082)
at org.apache.maven.surefire.testng.TestNGExecutor.run(TestNGExecutor.java:283)
at org.apache.maven.surefire.testng.TestNGXmlTestSuite.execute(TestNGXmlTestSuite.java:75)
at org.apache.maven.surefire.testng.TestNGProvider.invoke(TestNGProvider.java:120)
at org.apache.maven.surefire.booter.ForkedBooter.invokeProviderInSameClassLoader(ForkedBooter.java:384)
at org.apache.maven.surefire.booter.ForkedBooter.runSuitesInProcess(ForkedBooter.java:345)
at org.apache.maven.surefire.booter.ForkedBooter.execute(ForkedBooter.java:126)
at org.apache.maven.surefire.booter.ForkedBooter.main(ForkedBooter.java:418)
Caused by: java.io.FileNotFoundException: .\test-output\Report-Stage-TQA_Regression_Boost_1-2023.12.17_08.05.48.zip (The system cannot find the path specified)
at java.base/java.io.RandomAccessFile.open0(Native Method)
at java.base/java.io.RandomAccessFile.open(RandomAccessFile.java:346)
at java.base/java.io.RandomAccessFile.<init>(RandomAccessFile.java:260)
at java.base/java.io.RandomAccessFile.<init>(RandomAccessFile.java:215)
at net.lingala.zip4j.io.SplitOutputStream.<init>(SplitOutputStream.java:57)
at net.lingala.zip4j.zip.ZipEngine.initAddFiles(ZipEngine.java:113)
... 29 more
]]>
            </full-stacktrace>
          </exception> <!-- net.lingala.zip4j.exception.ZipException -->
          <reporter-output>
          </reporter-output>
        </test-method> <!-- afterSuite -->
      </class> <!-- com.perficient.testCases.Desktop.purdy.Verify_Login_Page_with_valid_credentials -->
    </test> <!-- Guest User - Plans Availability -->
  </suite> <!-- Suite -->
  <suite started-at="2023-12-17T20:06:30 IST" name="Suite (0)" finished-at="2023-12-17T20:07:29 IST" duration-ms="58569">
    <groups>
      <group name="smokes">
        <method signature="Verify_Login_Page_with_valid_credentials.customerLogin(java.util.Hashtable)[pri:0, instance:com.perficient.testCases.Mobile.purdy.Verify_Login_Page_with_valid_credentials@7068e664]" name="customerLogin" class="com.perficient.testCases.Mobile.purdy.Verify_Login_Page_with_valid_credentials"/>
        <method signature="Verify_Login_Page_with_valid_credentials.redirectToLoginPage(java.util.Hashtable)[pri:1, instance:com.perficient.testCases.Mobile.purdy.Verify_Login_Page_with_valid_credentials@7068e664]" name="redirectToLoginPage" class="com.perficient.testCases.Mobile.purdy.Verify_Login_Page_with_valid_credentials"/>
        <method signature="Verify_Login_Page_with_valid_credentials.homePageValidationAfterLogin(java.util.Hashtable)[pri:2, instance:com.perficient.testCases.Mobile.purdy.Verify_Login_Page_with_valid_credentials@7068e664]" name="homePageValidationAfterLogin" class="com.perficient.testCases.Mobile.purdy.Verify_Login_Page_with_valid_credentials"/>
      </group> <!-- smokes -->
      <group name="regression">
        <method signature="Verify_Login_Page_with_valid_credentials.customerLogin(java.util.Hashtable)[pri:0, instance:com.perficient.testCases.Mobile.purdy.Verify_Login_Page_with_valid_credentials@7068e664]" name="customerLogin" class="com.perficient.testCases.Mobile.purdy.Verify_Login_Page_with_valid_credentials"/>
        <method signature="Verify_Login_Page_with_valid_credentials.redirectToLoginPage(java.util.Hashtable)[pri:1, instance:com.perficient.testCases.Mobile.purdy.Verify_Login_Page_with_valid_credentials@7068e664]" name="redirectToLoginPage" class="com.perficient.testCases.Mobile.purdy.Verify_Login_Page_with_valid_credentials"/>
        <method signature="Verify_Login_Page_with_valid_credentials.homePageValidationAfterLogin(java.util.Hashtable)[pri:2, instance:com.perficient.testCases.Mobile.purdy.Verify_Login_Page_with_valid_credentials@7068e664]" name="homePageValidationAfterLogin" class="com.perficient.testCases.Mobile.purdy.Verify_Login_Page_with_valid_credentials"/>
      </group> <!-- regression -->
      <group name="mobile">
        <method signature="Verify_Login_Page_with_valid_credentials.customerLogin(java.util.Hashtable)[pri:0, instance:com.perficient.testCases.Mobile.purdy.Verify_Login_Page_with_valid_credentials@7068e664]" name="customerLogin" class="com.perficient.testCases.Mobile.purdy.Verify_Login_Page_with_valid_credentials"/>
        <method signature="Verify_Login_Page_with_valid_credentials.redirectToLoginPage(java.util.Hashtable)[pri:1, instance:com.perficient.testCases.Mobile.purdy.Verify_Login_Page_with_valid_credentials@7068e664]" name="redirectToLoginPage" class="com.perficient.testCases.Mobile.purdy.Verify_Login_Page_with_valid_credentials"/>
        <method signature="Verify_Login_Page_with_valid_credentials.homePageValidationAfterLogin(java.util.Hashtable)[pri:2, instance:com.perficient.testCases.Mobile.purdy.Verify_Login_Page_with_valid_credentials@7068e664]" name="homePageValidationAfterLogin" class="com.perficient.testCases.Mobile.purdy.Verify_Login_Page_with_valid_credentials"/>
      </group> <!-- mobile -->
    </groups>
    <test started-at="2023-12-17T20:06:30 IST" name="Guest User - Plans Availability" finished-at="2023-12-17T20:07:29 IST" duration-ms="58569">
      <class name="com.perficient.testCases.Mobile.purdy.Verify_Login_Page_with_valid_credentials">
        <test-method is-config="true" signature="generateBuildNumber()[pri:0, instance:com.perficient.testCases.Mobile.purdy.Verify_Login_Page_with_valid_credentials@7068e664]" started-at="2023-12-17T20:06:30 IST" name="generateBuildNumber" finished-at="2023-12-17T20:06:30 IST" duration-ms="2" status="PASS">
          <reporter-output>
          </reporter-output>
        </test-method> <!-- generateBuildNumber -->
        <test-method is-config="true" signature="setUpBrowser(java.lang.String,java.lang.String,java.lang.String,java.lang.String,java.lang.String,java.lang.String,java.lang.String,java.lang.String,java.lang.String,java.lang.String,java.lang.String,java.lang.String,java.lang.String,java.lang.String,java.lang.String,java.lang.String)[pri:0, instance:com.perficient.testCases.Mobile.purdy.Verify_Login_Page_with_valid_credentials@7068e664]" started-at="2023-12-17T20:06:30 IST" name="setUpBrowser" finished-at="2023-12-17T20:06:32 IST" duration-ms="1595" status="PASS">
          <params>
            <param index="0">
              <value>
                <![CDATA[chromeMobile]]>
              </value>
            </param>
            <param index="1">
              <value>
                <![CDATA[false]]>
              </value>
            </param>
            <param index="2">
              <value>
                <![CDATA[localhost]]>
              </value>
            </param>
            <param index="3">
              <value>
                <![CDATA[4444]]>
              </value>
            </param>
            <param index="4">
              <value>
                <![CDATA[test]]>
              </value>
            </param>
            <param index="5">
              <value>
                <![CDATA[10.128.190.5]]>
              </value>
            </param>
            <param index="6">
              <value>
                <![CDATA[9200]]>
              </value>
            </param>
            <param index="7">
              <value>
                <![CDATA[ngpautomation]]>
              </value>
            </param>
            <param index="8">
              <value>
                <![CDATA[_doc]]>
              </value>
            </param>
            <param index="9">
              <value>
                <![CDATA[testing]]>
              </value>
            </param>
            <param index="10">
              <value>
                <![CDATA[TQA_Regression_Boost_1]]>
              </value>
            </param>
            <param index="11">
              <value>
                <![CDATA[Mac]]>
              </value>
            </param>
            <param index="12">
              <value>
                <![CDATA[macOS Catalina]]>
              </value>
            </param>
            <param index="13">
              <value>
                <![CDATA[117]]>
              </value>
            </param>
            <param index="14">
              <value>
                <![CDATA[3840x216]]>
              </value>
            </param>
            <param index="15">
              <value>
                <![CDATA[US East]]>
              </value>
            </param>
          </params>
          <reporter-output>
          </reporter-output>
        </test-method> <!-- setUpBrowser -->
        <test-method is-config="true" signature="beforeMethod(java.lang.reflect.Method)[pri:0, instance:com.perficient.testCases.Mobile.purdy.Verify_Login_Page_with_valid_credentials@7068e664]" started-at="2023-12-17T20:06:32 IST" name="beforeMethod" finished-at="2023-12-17T20:06:32 IST" duration-ms="1" status="PASS">
          <params>
            <param index="0">
              <value>
                <![CDATA[public void com.perficient.testCases.Mobile.purdy.Verify_Login_Page_with_valid_credentials.customerLogin(java.util.Hashtable) throws java.lang.Exception]]>
              </value>
            </param>
          </params>
          <reporter-output>
          </reporter-output>
        </test-method> <!-- beforeMethod -->
        <test-method signature="customerLogin(java.util.Hashtable)[pri:0, instance:com.perficient.testCases.Mobile.purdy.Verify_Login_Page_with_valid_credentials@7068e664]" started-at="2023-12-17T20:06:32 IST" name="customerLogin" data-provider="get_Data_Verify_Login_Page_with_valid_credentials" finished-at="2023-12-17T20:06:45 IST" duration-ms="13027" status="PASS">
          <params>
            <param index="0">
              <value>
                <![CDATA[{EmailID=pratikhood001@gmail.com, Password=Aali@123, HomePageTitle=Chocolate Shop | Chocolate | Purdys Chocolatier, LoginPageTitle=Customer Login}]]>
              </value>
            </param>
          </params>
          <reporter-output>
          </reporter-output>
        </test-method> <!-- customerLogin -->
        <test-method is-config="true" signature="afterMethod(java.lang.reflect.Method)[pri:0, instance:com.perficient.testCases.Mobile.purdy.Verify_Login_Page_with_valid_credentials@7068e664]" started-at="2023-12-17T20:06:45 IST" name="afterMethod" finished-at="2023-12-17T20:06:45 IST" duration-ms="1" status="PASS">
          <params>
            <param index="0">
              <value>
                <![CDATA[public void com.perficient.testCases.Mobile.purdy.Verify_Login_Page_with_valid_credentials.customerLogin(java.util.Hashtable) throws java.lang.Exception]]>
              </value>
            </param>
          </params>
          <reporter-output>
          </reporter-output>
        </test-method> <!-- afterMethod -->
        <test-method is-config="true" signature="beforeMethod(java.lang.reflect.Method)[pri:0, instance:com.perficient.testCases.Mobile.purdy.Verify_Login_Page_with_valid_credentials@7068e664]" started-at="2023-12-17T20:06:45 IST" name="beforeMethod" finished-at="2023-12-17T20:06:45 IST" duration-ms="1" status="PASS">
          <params>
            <param index="0">
              <value>
                <![CDATA[public void com.perficient.testCases.Mobile.purdy.Verify_Login_Page_with_valid_credentials.redirectToLoginPage(java.util.Hashtable) throws java.lang.Exception]]>
              </value>
            </param>
          </params>
          <reporter-output>
          </reporter-output>
        </test-method> <!-- beforeMethod -->
        <test-method signature="redirectToLoginPage(java.util.Hashtable)[pri:1, instance:com.perficient.testCases.Mobile.purdy.Verify_Login_Page_with_valid_credentials@7068e664]" started-at="2023-12-17T20:06:45 IST" name="redirectToLoginPage" data-provider="get_Data_Verify_Login_Page_with_valid_credentials" finished-at="2023-12-17T20:07:06 IST" duration-ms="21011" status="PASS">
          <params>
            <param index="0">
              <value>
                <![CDATA[{EmailID=pratikhood001@gmail.com, Password=Aali@123, HomePageTitle=Chocolate Shop | Chocolate | Purdys Chocolatier, LoginPageTitle=Customer Login}]]>
              </value>
            </param>
          </params>
          <reporter-output>
          </reporter-output>
        </test-method> <!-- redirectToLoginPage -->
        <test-method is-config="true" signature="afterMethod(java.lang.reflect.Method)[pri:0, instance:com.perficient.testCases.Mobile.purdy.Verify_Login_Page_with_valid_credentials@7068e664]" started-at="2023-12-17T20:07:06 IST" name="afterMethod" finished-at="2023-12-17T20:07:06 IST" duration-ms="1" status="PASS">
          <params>
            <param index="0">
              <value>
                <![CDATA[public void com.perficient.testCases.Mobile.purdy.Verify_Login_Page_with_valid_credentials.redirectToLoginPage(java.util.Hashtable) throws java.lang.Exception]]>
              </value>
            </param>
          </params>
          <reporter-output>
          </reporter-output>
        </test-method> <!-- afterMethod -->
        <test-method is-config="true" signature="beforeMethod(java.lang.reflect.Method)[pri:0, instance:com.perficient.testCases.Mobile.purdy.Verify_Login_Page_with_valid_credentials@7068e664]" started-at="2023-12-17T20:07:06 IST" name="beforeMethod" finished-at="2023-12-17T20:07:06 IST" duration-ms="2" status="PASS">
          <params>
            <param index="0">
              <value>
                <![CDATA[public void com.perficient.testCases.Mobile.purdy.Verify_Login_Page_with_valid_credentials.homePageValidationAfterLogin(java.util.Hashtable) throws java.lang.Exception]]>
              </value>
            </param>
          </params>
          <reporter-output>
          </reporter-output>
        </test-method> <!-- beforeMethod -->
        <test-method signature="homePageValidationAfterLogin(java.util.Hashtable)[pri:2, instance:com.perficient.testCases.Mobile.purdy.Verify_Login_Page_with_valid_credentials@7068e664]" started-at="2023-12-17T20:07:06 IST" name="homePageValidationAfterLogin" data-provider="get_Data_Verify_Login_Page_with_valid_credentials" finished-at="2023-12-17T20:07:29 IST" duration-ms="22748" status="PASS">
          <params>
            <param index="0">
              <value>
                <![CDATA[{EmailID=pratikhood001@gmail.com, Password=Aali@123, HomePageTitle=Chocolate Shop | Chocolate | Purdys Chocolatier, LoginPageTitle=Customer Login}]]>
              </value>
            </param>
          </params>
          <reporter-output>
          </reporter-output>
        </test-method> <!-- homePageValidationAfterLogin -->
        <test-method is-config="true" signature="afterMethod(java.lang.reflect.Method)[pri:0, instance:com.perficient.testCases.Mobile.purdy.Verify_Login_Page_with_valid_credentials@7068e664]" started-at="2023-12-17T20:07:29 IST" name="afterMethod" finished-at="2023-12-17T20:07:29 IST" duration-ms="0" status="PASS">
          <params>
            <param index="0">
              <value>
                <![CDATA[public void com.perficient.testCases.Mobile.purdy.Verify_Login_Page_with_valid_credentials.homePageValidationAfterLogin(java.util.Hashtable) throws java.lang.Exception]]>
              </value>
            </param>
          </params>
          <reporter-output>
          </reporter-output>
        </test-method> <!-- afterMethod -->
        <test-method is-config="true" signature="afterSuite()[pri:0, instance:com.perficient.testCases.Mobile.purdy.Verify_Login_Page_with_valid_credentials@7068e664]" started-at="2023-12-17T20:07:29 IST" name="afterSuite" finished-at="2023-12-17T20:07:29 IST" duration-ms="2" status="FAIL">
          <exception class="net.lingala.zip4j.exception.ZipException">
            <message>
              <![CDATA[java.io.FileNotFoundException: .\test-output\Report-Stage-TQA_Regression_Boost_1-2023.12.17_08.05.48.zip (The system cannot find the path specified)]]>
            </message>
            <full-stacktrace>
              <![CDATA[net.lingala.zip4j.exception.ZipException: java.io.FileNotFoundException: .\test-output\Report-Stage-TQA_Regression_Boost_1-2023.12.17_08.05.48.zip (The system cannot find the path specified)
at net.lingala.zip4j.zip.ZipEngine.initAddFiles(ZipEngine.java:187)
at net.lingala.zip4j.zip.ZipEngine.addFiles(ZipEngine.java:85)
at net.lingala.zip4j.core.ZipFile.addFiles(ZipFile.java:292)
at net.lingala.zip4j.core.ZipFile.addFile(ZipFile.java:250)
at com.perficient.util.ZipAndMail.convertToZip(ZipAndMail.java:65)
at com.perficient.util.TestCaseBase.zipAndMail(TestCaseBase.java:1012)
at com.perficient.util.TestCaseBase.afterSuite(TestCaseBase.java:219)
at java.base/jdk.internal.reflect.NativeMethodAccessorImpl.invoke0(Native Method)
at java.base/jdk.internal.reflect.NativeMethodAccessorImpl.invoke(NativeMethodAccessorImpl.java:62)
at java.base/jdk.internal.reflect.DelegatingMethodAccessorImpl.invoke(DelegatingMethodAccessorImpl.java:43)
at java.base/java.lang.reflect.Method.invoke(Method.java:566)
at org.testng.internal.invokers.MethodInvocationHelper.invokeMethod(MethodInvocationHelper.java:139)
at org.testng.internal.invokers.MethodInvocationHelper.invokeMethodConsideringTimeout(MethodInvocationHelper.java:69)
at org.testng.internal.invokers.ConfigInvoker.invokeConfigurationMethod(ConfigInvoker.java:390)
at org.testng.internal.invokers.ConfigInvoker.invokeConfigurations(ConfigInvoker.java:325)
at org.testng.SuiteRunner.privateRun(SuiteRunner.java:410)
at org.testng.SuiteRunner.run(SuiteRunner.java:336)
at org.testng.SuiteRunnerWorker.runSuite(SuiteRunnerWorker.java:52)
at org.testng.SuiteRunnerWorker.run(SuiteRunnerWorker.java:95)
at org.testng.TestNG.runSuitesSequentially(TestNG.java:1280)
at org.testng.TestNG.runSuitesLocally(TestNG.java:1200)
at org.testng.TestNG.runSuites(TestNG.java:1114)
at org.testng.TestNG.run(TestNG.java:1082)
at org.apache.maven.surefire.testng.TestNGExecutor.run(TestNGExecutor.java:283)
at org.apache.maven.surefire.testng.TestNGXmlTestSuite.execute(TestNGXmlTestSuite.java:75)
at org.apache.maven.surefire.testng.TestNGProvider.invoke(TestNGProvider.java:120)
at org.apache.maven.surefire.booter.ForkedBooter.invokeProviderInSameClassLoader(ForkedBooter.java:384)
at org.apache.maven.surefire.booter.ForkedBooter.runSuitesInProcess(ForkedBooter.java:345)
at org.apache.maven.surefire.booter.ForkedBooter.execute(ForkedBooter.java:126)
at org.apache.maven.surefire.booter.ForkedBooter.main(ForkedBooter.java:418)
Caused by: java.io.FileNotFoundException: .\test-output\Report-Stage-TQA_Regression_Boost_1-2023.12.17_08.05.48.zip (The system cannot find the path specified)
at java.base/java.io.RandomAccessFile.open0(Native Method)
at java.base/java.io.RandomAccessFile.open(RandomAccessFile.java:346)
at java.base/java.io.RandomAccessFile.<init>(RandomAccessFile.java:260)
at java.base/java.io.RandomAccessFile.<init>(RandomAccessFile.java:215)
at net.lingala.zip4j.io.SplitOutputStream.<init>(SplitOutputStream.java:57)
at net.lingala.zip4j.zip.ZipEngine.initAddFiles(ZipEngine.java:113)
... 29 more
]]>
            </full-stacktrace>
          </exception> <!-- net.lingala.zip4j.exception.ZipException -->
          <reporter-output>
          </reporter-output>
        </test-method> <!-- afterSuite -->
      </class> <!-- com.perficient.testCases.Mobile.purdy.Verify_Login_Page_with_valid_credentials -->
    </test> <!-- Guest User - Plans Availability -->
  </suite> <!-- Suite (0) -->
</testng-results>
