-------------------------------------------------------------------------------
Test set: TestSuite
-------------------------------------------------------------------------------
Tests run: 12, Failures: 3, Errors: 0, Skipped: 9, Time elapsed: 271.948 s <<< FAILURE! - in TestSuite
setUpBrowser(com.perficient.testCases.Desktop.purdy.Verify_Login_Page_with_valid_credentials)  Time elapsed: 260.376 s  <<< FAILURE!
org.openqa.selenium.UnsupportedCommandException: 
{"value":{"error":"unknown method","message":"Not implemented yet for pageLoad.","stacktrace":"NotImplementedError: Not implemented yet for pageLoad.\n    at AndroidUiautomator2Driver.pageLoadTimeoutW3C (/nix/store/a4f03fnyb1njsg95d11hrirds8hfjsc1-appium-1.17.0/node_modules/appium-uiautomator2-driver/node_modules/appium-base-driver/lib/basedriver/commands/timeout.js:83:9)\n    at AndroidUiautomator2Driver.timeouts (/nix/store/a4f03fnyb1njsg95d11hrirds8hfjsc1-appium-1.17.0/node_modules/appium-uiautomator2-driver/node_modules/appium-base-driver/lib/basedriver/commands/timeout.js:40:16)\n    at commandExecutor (/nix/store/a4f03fnyb1njsg95d11hrirds8hfjsc1-appium-1.17.0/node_modules/appium-uiautomator2-driver/node_modules/appium-base-driver/lib/basedriver/driver.js:330:9)\n    at /nix/store/a4f03fnyb1njsg95d11hrirds8hfjsc1-appium-1.17.0/node_modules/appium-uiautomator2-driver/node_modules/async-lock/lib/index.js:125:12\n    at AsyncLock._promiseTry (/nix/store/a4f03fnyb1njsg95d11hrirds8hfjsc1-appium-1.17.0/node_modules/appium-uiautomator2-driver/node_modules/async-lock/lib/index.js:249:31)\n    at exec (/nix/store/a4f03fnyb1njsg95d11hrirds8hfjsc1-appium-1.17.0/node_modules/appium-uiautomator2-driver/node_modules/async-lock/lib/index.js:124:9)\n    at AsyncLock.acquire (/nix/store/a4f03fnyb1njsg95d11hrirds8hfjsc1-appium-1.17.0/node_modules/appium-uiautomator2-driver/node_modules/async-lock/lib/index.js:140:3)\n    at AndroidUiautomator2Driver.executeCommand (/nix/store/a4f03fnyb1njsg95d11hrirds8hfjsc1-appium-1.17.0/node_modules/appium-uiautomator2-driver/node_modules/appium-base-driver/lib/basedriver/driver.js:343:39)\n    at AppiumDriver.executeCommand (/nix/store/a4f03fnyb1njsg95d11hrirds8hfjsc1-appium-1.17.0/lib/appium.js:534:36)\n    at runMicrotasks (<anonymous>)\n    at processTicksAndRejections (internal/process/task_queues.js:97:5)\n    at asyncHandler (/nix/store/a4f03fnyb1njsg95d11hrirds8hfjsc1-appium-1.17.0/node_modules/appium-base-driver/lib/protocol/protocol.js:309:21)"}}
Command duration or timeout: 53 milliseconds
Build info: version: '4.6.0', revision: '79f1c02ae20'
System info: os.name: 'Windows 10', os.arch: 'amd64', os.version: '10.0', java.version: '17.0.6'
Driver info: org.openqa.selenium.chrome.ChromeDriver
Command: [307b2860512b0e8748c6346fcecc0cc57a861024, setTimeout {pageLoad=50000}]
Capabilities {acceptInsecureCerts: true, appActivity: org.wikipedia.main.MainActi..., appPackage: org.wikipedia.alpha, automationName: uiautomator2, bstack:options: {appiumVersion: 1.17.0, buildIdentifier: #38, hostName: ZIL1280, localIdentifier: 18_Dec_1814_ZIL1280_HpYf}, chromeOptions: {args: [--no-sandbox, --window-size=1920x1080, --start-maximized, --disable-dev-shm-usage, --disable-popup-blocking, --remote-allow-origins=*, user-agent=test-automation-..., --ignore-certificate-errors]}, chromedriverArgs: [--adb-port=5038], chromedriverPort: 18080, chromedriverPorts: [[18100, 18110]], databaseEnabled: false, desired: {acceptInsecureCerts: true, appActivity: org.wikipedia.main.MainActi..., appPackage: org.wikipedia.alpha, automationName: uiautomator2, bstack:options: {appiumVersion: 1.17.0, buildIdentifier: #38, hostName: ZIL1280, localIdentifier: 18_Dec_1814_ZIL1280_HpYf}, chromeOptions: {args: [--no-sandbox, --window-size=1920x1080, --start-maximized, --disable-dev-shm-usage, --disable-popup-blocking, --remote-allow-origins=*, user-agent=test-automation-..., --ignore-certificate-errors]}, chromedriverArgs: [--adb-port=5038], chromedriverPort: 18080, chromedriverPorts: [[18100, 18110]], deviceName: Android, disableSuppressAccessibilityService: true, goog:chromeOptions: {args: [--no-sandbox, --window-size=1920x1080, --start-maximized, --disable-dev-shm-usage, --disable-popup-blocking, --remote-allow-origins=*, user-agent=test-automation-..., --ignore-certificate-errors]}, nativeWebScreenshot: true, newCommandTimeout: 0, platformName: Android, skipServerInstallation: true, systemPort: 8200, udid: 28201FDH300JRK}, deviceApiLevel: 33, deviceManufacturer: Google, deviceModel: Pixel 7 Pro, deviceName: 28201FDH300JRK, deviceScreenDensity: 420, deviceScreenSize: 1080x2340, deviceUDID: 28201FDH300JRK, disableSuppressAccessibilityService: true, goog:chromeOptions: {args: [--no-sandbox, --window-size=1920x1080, --start-maximized, --disable-dev-shm-usage, --disable-popup-blocking, --remote-allow-origins=*, user-agent=test-automation-..., --ignore-certificate-errors]}, javascriptEnabled: true, locationContextEnabled: false, nativeWebScreenshot: true, networkConnectionEnabled: true, newCommandTimeout: 0, optimalHubUrl: hub-aps.browserstack.com, pixelRatio: 2.625, platform: LINUX, platformName: ANDROID, platformVersion: 13, skipServerInstallation: true, statBarHeight: 130, systemPort: 8200, takesScreenshot: true, udid: 28201FDH300JRK, viewportRect: {height: 2049, left: 0, top: 130, width: 1080}, warnings: {}, webStorageEnabled: false}
Session ID: 307b2860512b0e8748c6346fcecc0cc57a861024

setUpBrowser(com.perficient.testCases.Desktop.purdy.Verify_Login_Page_with_valid_credentials)  Time elapsed: 0.725 s  <<< FAILURE!
org.openqa.selenium.UnsupportedCommandException: 
{"value":{"error":"unknown method","message":"Not implemented yet for pageLoad.","stacktrace":"NotImplementedError: Not implemented yet for pageLoad.\n    at AndroidUiautomator2Driver.pageLoadTimeoutW3C (/nix/store/a4f03fnyb1njsg95d11hrirds8hfjsc1-appium-1.17.0/node_modules/appium-uiautomator2-driver/node_modules/appium-base-driver/lib/basedriver/commands/timeout.js:83:9)\n    at AndroidUiautomator2Driver.timeouts (/nix/store/a4f03fnyb1njsg95d11hrirds8hfjsc1-appium-1.17.0/node_modules/appium-uiautomator2-driver/node_modules/appium-base-driver/lib/basedriver/commands/timeout.js:40:16)\n    at commandExecutor (/nix/store/a4f03fnyb1njsg95d11hrirds8hfjsc1-appium-1.17.0/node_modules/appium-uiautomator2-driver/node_modules/appium-base-driver/lib/basedriver/driver.js:330:9)\n    at /nix/store/a4f03fnyb1njsg95d11hrirds8hfjsc1-appium-1.17.0/node_modules/appium-uiautomator2-driver/node_modules/async-lock/lib/index.js:125:12\n    at AsyncLock._promiseTry (/nix/store/a4f03fnyb1njsg95d11hrirds8hfjsc1-appium-1.17.0/node_modules/appium-uiautomator2-driver/node_modules/async-lock/lib/index.js:249:31)\n    at exec (/nix/store/a4f03fnyb1njsg95d11hrirds8hfjsc1-appium-1.17.0/node_modules/appium-uiautomator2-driver/node_modules/async-lock/lib/index.js:124:9)\n    at AsyncLock.acquire (/nix/store/a4f03fnyb1njsg95d11hrirds8hfjsc1-appium-1.17.0/node_modules/appium-uiautomator2-driver/node_modules/async-lock/lib/index.js:140:3)\n    at AndroidUiautomator2Driver.executeCommand (/nix/store/a4f03fnyb1njsg95d11hrirds8hfjsc1-appium-1.17.0/node_modules/appium-uiautomator2-driver/node_modules/appium-base-driver/lib/basedriver/driver.js:343:39)\n    at AppiumDriver.executeCommand (/nix/store/a4f03fnyb1njsg95d11hrirds8hfjsc1-appium-1.17.0/lib/appium.js:534:36)\n    at runMicrotasks (<anonymous>)\n    at processTicksAndRejections (internal/process/task_queues.js:97:5)\n    at asyncHandler (/nix/store/a4f03fnyb1njsg95d11hrirds8hfjsc1-appium-1.17.0/node_modules/appium-base-driver/lib/protocol/protocol.js:309:21)"}}
Command duration or timeout: 55 milliseconds
Build info: version: '4.6.0', revision: '79f1c02ae20'
System info: os.name: 'Windows 10', os.arch: 'amd64', os.version: '10.0', java.version: '17.0.6'
Driver info: org.openqa.selenium.chrome.ChromeDriver
Command: [f4a668b44615bd0b3cf6005311b11cff484bf37b, setTimeout {pageLoad=50000}]
Capabilities {acceptInsecureCerts: true, appActivity: org.wikipedia.main.MainActi..., appPackage: org.wikipedia.alpha, automationName: uiautomator2, bstack:options: {appiumVersion: 1.17.0, buildIdentifier: #38, hostName: ZIL1280, localIdentifier: 18_Dec_1814_ZIL1280_HpYf}, chromeOptions: {args: [--no-sandbox, --window-size=1920x1080, --start-maximized, --disable-dev-shm-usage, --disable-popup-blocking, --remote-allow-origins=*, user-agent=test-automation-..., --ignore-certificate-errors]}, chromedriverPort: 18083, chromedriverPorts: [[18133, 18143]], databaseEnabled: false, desired: {acceptInsecureCerts: true, appActivity: org.wikipedia.main.MainActi..., appPackage: org.wikipedia.alpha, automationName: uiautomator2, bstack:options: {appiumVersion: 1.17.0, buildIdentifier: #38, hostName: ZIL1280, localIdentifier: 18_Dec_1814_ZIL1280_HpYf}, chromeOptions: {args: [--no-sandbox, --window-size=1920x1080, --start-maximized, --disable-dev-shm-usage, --disable-popup-blocking, --remote-allow-origins=*, user-agent=test-automation-..., --ignore-certificate-errors]}, chromedriverPort: 18083, chromedriverPorts: [[18133, 18143]], deviceName: Android, disableSuppressAccessibilityService: true, goog:chromeOptions: {args: [--no-sandbox, --window-size=1920x1080, --start-maximized, --disable-dev-shm-usage, --disable-popup-blocking, --remote-allow-origins=*, user-agent=test-automation-..., --ignore-certificate-errors]}, nativeWebScreenshot: true, newCommandTimeout: 0, platformName: Android, skipServerInstallation: true, systemPort: 8203, udid: R5CT238SA7H}, deviceApiLevel: 31, deviceManufacturer: samsung, deviceModel: SM-S908E, deviceName: R5CT238SA7H, deviceScreenDensity: 450, deviceScreenSize: 1080x2316, deviceUDID: R5CT238SA7H, disableSuppressAccessibilityService: true, goog:chromeOptions: {args: [--no-sandbox, --window-size=1920x1080, --start-maximized, --disable-dev-shm-usage, --disable-popup-blocking, --remote-allow-origins=*, user-agent=test-automation-..., --ignore-certificate-errors]}, javascriptEnabled: true, locationContextEnabled: false, nativeWebScreenshot: true, networkConnectionEnabled: true, newCommandTimeout: 0, optimalHubUrl: hub-aps.browserstack.com, pixelRatio: 2.8125, platform: LINUX, platformName: ANDROID, platformVersion: 12, skipServerInstallation: true, statBarHeight: 75, systemPort: 8203, takesScreenshot: true, udid: R5CT238SA7H, viewportRect: {height: 2031, left: 0, top: 75, width: 1080}, warnings: {}, webStorageEnabled: false}
Session ID: f4a668b44615bd0b3cf6005311b11cff484bf37b

setUpBrowser(com.perficient.testCases.Desktop.purdy.Verify_Login_Page_with_valid_credentials)  Time elapsed: 1.086 s  <<< FAILURE!
org.openqa.selenium.UnsupportedCommandException: 
{"value":{"error":"unknown method","message":"Not implemented yet for pageLoad.","stacktrace":"NotImplementedError: Not implemented yet for pageLoad.\n    at AndroidUiautomator2Driver.pageLoadTimeoutW3C (/nix/store/a4f03fnyb1njsg95d11hrirds8hfjsc1-appium-1.17.0/node_modules/appium-uiautomator2-driver/node_modules/appium-base-driver/lib/basedriver/commands/timeout.js:83:9)\n    at AndroidUiautomator2Driver.timeouts (/nix/store/a4f03fnyb1njsg95d11hrirds8hfjsc1-appium-1.17.0/node_modules/appium-uiautomator2-driver/node_modules/appium-base-driver/lib/basedriver/commands/timeout.js:40:16)\n    at commandExecutor (/nix/store/a4f03fnyb1njsg95d11hrirds8hfjsc1-appium-1.17.0/node_modules/appium-uiautomator2-driver/node_modules/appium-base-driver/lib/basedriver/driver.js:330:9)\n    at /nix/store/a4f03fnyb1njsg95d11hrirds8hfjsc1-appium-1.17.0/node_modules/appium-uiautomator2-driver/node_modules/async-lock/lib/index.js:125:12\n    at AsyncLock._promiseTry (/nix/store/a4f03fnyb1njsg95d11hrirds8hfjsc1-appium-1.17.0/node_modules/appium-uiautomator2-driver/node_modules/async-lock/lib/index.js:249:31)\n    at exec (/nix/store/a4f03fnyb1njsg95d11hrirds8hfjsc1-appium-1.17.0/node_modules/appium-uiautomator2-driver/node_modules/async-lock/lib/index.js:124:9)\n    at AsyncLock.acquire (/nix/store/a4f03fnyb1njsg95d11hrirds8hfjsc1-appium-1.17.0/node_modules/appium-uiautomator2-driver/node_modules/async-lock/lib/index.js:140:3)\n    at AndroidUiautomator2Driver.executeCommand (/nix/store/a4f03fnyb1njsg95d11hrirds8hfjsc1-appium-1.17.0/node_modules/appium-uiautomator2-driver/node_modules/appium-base-driver/lib/basedriver/driver.js:343:39)\n    at AppiumDriver.executeCommand (/nix/store/a4f03fnyb1njsg95d11hrirds8hfjsc1-appium-1.17.0/lib/appium.js:534:36)\n    at processTicksAndRejections (internal/process/task_queues.js:97:5)\n    at asyncHandler (/nix/store/a4f03fnyb1njsg95d11hrirds8hfjsc1-appium-1.17.0/node_modules/appium-base-driver/lib/protocol/protocol.js:309:21)"}}
Command duration or timeout: 204 milliseconds
Build info: version: '4.6.0', revision: '79f1c02ae20'
System info: os.name: 'Windows 10', os.arch: 'amd64', os.version: '10.0', java.version: '17.0.6'
Driver info: org.openqa.selenium.chrome.ChromeDriver
Command: [a29dd1f03c8c751d9fa76878e8616b899b1a6045, setTimeout {pageLoad=50000}]
Capabilities {acceptInsecureCerts: true, appActivity: org.wikipedia.main.MainActi..., appPackage: org.wikipedia.alpha, automationName: uiautomator2, bstack:options: {appiumVersion: 1.17.0, buildIdentifier: #38, hostName: ZIL1280, localIdentifier: 18_Dec_1814_ZIL1280_HpYf}, chromeOptions: {args: [--no-sandbox, --window-size=1920x1080, --start-maximized, --disable-dev-shm-usage, --disable-popup-blocking, --remote-allow-origins=*, user-agent=test-automation-..., --ignore-certificate-errors]}, chromedriverPort: 8085, chromedriverPorts: [[18155, 18165]], databaseEnabled: false, desired: {acceptInsecureCerts: true, appActivity: org.wikipedia.main.MainActi..., appPackage: org.wikipedia.alpha, automationName: uiautomator2, bstack:options: {appiumVersion: 1.17.0, buildIdentifier: #38, hostName: ZIL1280, localIdentifier: 18_Dec_1814_ZIL1280_HpYf}, chromeOptions: {args: [--no-sandbox, --window-size=1920x1080, --start-maximized, --disable-dev-shm-usage, --disable-popup-blocking, --remote-allow-origins=*, user-agent=test-automation-..., --ignore-certificate-errors]}, chromedriverPort: 8085, chromedriverPorts: [[18155, 18165]], deviceName: Android, disableSuppressAccessibilityService: true, goog:chromeOptions: {args: [--no-sandbox, --window-size=1920x1080, --start-maximized, --disable-dev-shm-usage, --disable-popup-blocking, --remote-allow-origins=*, user-agent=test-automation-..., --ignore-certificate-errors]}, nativeWebScreenshot: true, newCommandTimeout: 0, platformName: Android, skipServerInstallation: true, systemPort: 8205, udid: a68008dd}, deviceApiLevel: 30, deviceManufacturer: OnePlus, deviceModel: LE2113, deviceName: a68008dd, deviceScreenDensity: 450, deviceScreenSize: 1080x2400, deviceUDID: a68008dd, disableSuppressAccessibilityService: true, goog:chromeOptions: {args: [--no-sandbox, --window-size=1920x1080, --start-maximized, --disable-dev-shm-usage, --disable-popup-blocking, --remote-allow-origins=*, user-agent=test-automation-..., --ignore-certificate-errors]}, javascriptEnabled: true, locationContextEnabled: false, nativeWebScreenshot: true, networkConnectionEnabled: true, newCommandTimeout: 0, optimalHubUrl: hub-euw.browserstack.com, pixelRatio: 2.8125, platform: LINUX, platformName: ANDROID, platformVersion: 11, skipServerInstallation: true, statBarHeight: 104, systemPort: 8205, takesScreenshot: true, udid: a68008dd, viewportRect: {height: 2058, left: 0, top: 104, width: 1080}, warnings: {}, webStorageEnabled: false}
Session ID: a29dd1f03c8c751d9fa76878e8616b899b1a6045

