<?xml version="1.0" encoding="UTF-8"?>
<testsuite xmlns:xsi="http://www.w3.org/2001/XMLSchema-instance" xsi:noNamespaceSchemaLocation="https://maven.apache.org/surefire/maven-surefire-plugin/xsd/surefire-test-report.xsd" name="TestSuite" time="162.821" tests="12" errors="0" skipped="1" failures="6">
  <properties>
[...]
</properties>
  <testcase name="customerLogin" classname="com.perficient.testCases.Desktop.purdy.Verify_Login_Page_with_valid_credentials" time="19.777"/>
  <testcase name="customerLogin" classname="com.perficient.testCases.Desktop.purdy.Verify_Login_Page_with_valid_credentials" time="6.644"/>
  <testcase name="customerLogin" classname="com.perficient.testCases.Desktop.purdy.Verify_Login_Page_with_valid_credentials" time="17.625"/>
  <testcase name="redirectToLoginPage" classname="com.perficient.testCases.Desktop.purdy.Verify_Login_Page_with_valid_credentials" time="6.287"/>
  <testcase name="redirectToLoginPage" classname="com.perficient.testCases.Desktop.purdy.Verify_Login_Page_with_valid_credentials" time="3.461"/>
  <testcase name="redirectToLoginPage" classname="com.perficient.testCases.Desktop.purdy.Verify_Login_Page_with_valid_credentials" time="12.601">
    <failure message="The following asserts failed:&#10;	expected [] but found [Customer Login]" type="java.lang.AssertionError">java.lang.AssertionError: 
The following asserts failed:
	expected [] but found [Customer Login]
</failure>
    <system-out><![CDATA[Clicked on X and Y cordinate on the web page
isScrollable value is false
]]></system-out>
    <system-err><![CDATA[Dec 18, 2023 12:56:40 AM com.perficient.testCases.Desktop.purdy.Verify_Login_Page_with_valid_credentials afterMethod
INFO: customerLogin : pass
Dec 18, 2023 12:56:43 AM com.perficient.util.LogWebdriverEventListener onException
SEVERE: WebDriver error: Element not found By.xpath: //span[@id='header-myaccount-link']
Dec 18, 2023 12:56:45 AM com.perficient.util.LogWebdriverEventListener onException
SEVERE: WebDriver error: Element not found By.xpath: //span[@id='header-myaccount-link']
Dec 18, 2023 12:56:51 AM com.perficient.util.LogWebdriverEventListener onException
SEVERE: WebDriver error: Element not found By.xpath: //span[@id='header-myaccount-link']
Dec 18, 2023 12:56:52 AM com.perficient.util.LogWebdriverEventListener afterFindBy
INFO: WebDriver found By.xpath: //a[normalize-space()='Sign In']
Dec 18, 2023 12:56:52 AM com.perficient.util.LogWebdriverEventListener afterFindBy
INFO: WebDriver found By.xpath: //a[normalize-space()='Sign In']
Dec 18, 2023 12:56:52 AM com.perficient.util.LogWebdriverEventListener afterFindBy
INFO: WebDriver found By.xpath: //a[normalize-space()='Sign In']
Dec 18, 2023 12:56:52 AM com.perficient.util.LogWebdriverEventListener afterFindBy
INFO: WebDriver found By.xpath: //a[normalize-space()='Sign In']
Dec 18, 2023 12:56:52 AM com.perficient.util.LogWebdriverEventListener afterFindBy
INFO: WebDriver found By.xpath: //a[normalize-space()='Sign In']
Dec 18, 2023 12:56:52 AM com.perficient.util.LogWebdriverEventListener afterFindBy
INFO: WebDriver found By.xpath: //a[normalize-space()='Sign In']
Dec 18, 2023 12:56:52 AM com.perficient.util.LogWebdriverEventListener afterFindBy
INFO: WebDriver found By.xpath: //a[normalize-space()='Sign In']
Dec 18, 2023 12:56:52 AM com.perficient.util.LogWebdriverEventListener afterFindBy
INFO: WebDriver found By.xpath: //a[normalize-space()='Sign In']
Dec 18, 2023 12:56:52 AM com.perficient.util.LogWebdriverEventListener afterFindBy
INFO: WebDriver found By.xpath: //a[normalize-space()='Sign In']
]]></system-err>
  </testcase>
  <testcase name="afterMethod" classname="com.perficient.testCases.Desktop.purdy.Verify_Login_Page_with_valid_credentials" time="14.721">
    <failure message="expected [pass] but found [fail]" type="java.lang.AssertionError">java.lang.AssertionError: expected [pass] but found [fail]
</failure>
    <system-err><![CDATA[Dec 18, 2023 12:56:53 AM com.perficient.util.LogWebdriverEventListener onException
SEVERE: WebDriver error: Element not found By.xpath: //span[@id='header-myaccount-link']
Dec 18, 2023 12:56:55 AM com.perficient.testCases.Desktop.purdy.Verify_Login_Page_with_valid_credentials afterMethod
INFO: redirectToLoginPage : fail
]]></system-err>
  </testcase>
  <testcase name="afterMethod" classname="com.perficient.testCases.Desktop.purdy.Verify_Login_Page_with_valid_credentials" time="56.584">
    <failure message="expected [pass] but found [fail]" type="java.lang.AssertionError">java.lang.AssertionError: expected [pass] but found [fail]
</failure>
    <system-out><![CDATA[screen shot finished, it's in ./test-output/errorImages folder
]]></system-out>
    <system-err><![CDATA[Dec 18, 2023 12:57:50 AM com.perficient.util.PageManager snapshot
INFO: save snapshot path is:./test-output/errorImages\20235718_1257462.png
Dec 18, 2023 12:57:51 AM com.perficient.testCases.Desktop.purdy.Verify_Login_Page_with_valid_credentials afterMethod
INFO: homePageValidationAfterLogin : fail
]]></system-err>
  </testcase>
  <testcase name="afterMethod" classname="com.perficient.testCases.Desktop.purdy.Verify_Login_Page_with_valid_credentials" time="63.409">
    <failure message="expected [pass] but found [fail]" type="java.lang.AssertionError">java.lang.AssertionError: expected [pass] but found [fail]
</failure>
    <system-err><![CDATA[Dec 18, 2023 12:57:58 AM com.perficient.testCases.Desktop.purdy.Verify_Login_Page_with_valid_credentials afterMethod
INFO: homePageValidationAfterLogin : fail
]]></system-err>
  </testcase>
  <testcase name="homePageValidationAfterLogin" classname="com.perficient.testCases.Desktop.purdy.Verify_Login_Page_with_valid_credentials" time="0">
    <skipped message="expected [pass] but found [fail]"/>
  </testcase>
  <testcase name="homePageValidationAfterLogin" classname="com.perficient.testCases.Desktop.purdy.Verify_Login_Page_with_valid_credentials" time="54.966">
    <failure message="The following asserts failed:&#10;	expected [true] but found [false]" type="java.lang.AssertionError">java.lang.AssertionError: 
The following asserts failed:
	expected [true] but found [false]
</failure>
    <system-out><![CDATA[isScrollable value is true
screen shot finished, it's in ./test-output/errorImages folder
isScrollable value is true
isScrollable value is true
date value is =====> java.text.SimpleDateFormat@d999a9bf
]]></system-out>
    <system-err><![CDATA[Dec 18, 2023 12:56:58 AM com.perficient.testCases.Desktop.purdy.Verify_Login_Page_with_valid_credentials afterMethod
INFO: homePageValidationAfterLogin : pass
Dec 18, 2023 12:56:59 AM com.perficient.testCases.Desktop.purdy.Verify_Login_Page_with_valid_credentials tearDown
INFO: null PurdyTestAutomation purdy Verify_Login_Page_with_valid_credentials chromeDesktop FAIL
Dec 18, 2023 12:57:00 AM com.perficient.util.LogWebdriverEventListener onException
SEVERE: WebDriver error: Element not found By.xpath: //span[@id='header-myaccount-link']
Dec 18, 2023 12:57:01 AM com.perficient.util.LogWebdriverEventListener onException
SEVERE: WebDriver error: Element not found By.xpath: //span[@id='header-myaccount-link']
Dec 18, 2023 12:57:08 AM com.perficient.util.LogWebdriverEventListener onException
SEVERE: WebDriver error: Element not found By.xpath: //span[@id='header-myaccount-link']
Dec 18, 2023 12:57:09 AM com.perficient.util.LogWebdriverEventListener onException
SEVERE: WebDriver error: Element not found By.xpath: //span[@id='header-myaccount-link']
Dec 18, 2023 12:57:16 AM com.perficient.util.LogWebdriverEventListener onException
SEVERE: WebDriver error: Element not found By.xpath: //span[@id='header-myaccount-link']
Dec 18, 2023 12:57:17 AM com.perficient.util.LogWebdriverEventListener onException
SEVERE: WebDriver error: Element not found By.xpath: //span[@id='header-myaccount-link']
Dec 18, 2023 12:57:24 AM com.perficient.util.LogWebdriverEventListener onException
SEVERE: WebDriver error: Element not found By.xpath: //span[@id='header-myaccount-link']
Dec 18, 2023 12:57:25 AM com.perficient.util.LogWebdriverEventListener onException
SEVERE: WebDriver error: Element not found By.xpath: //span[@id='header-myaccount-link']
Dec 18, 2023 12:57:32 AM com.perficient.util.LogWebdriverEventListener onException
SEVERE: WebDriver error: Element not found By.xpath: //span[@id='header-myaccount-link']
Dec 18, 2023 12:57:33 AM com.perficient.util.LogWebdriverEventListener onException
SEVERE: WebDriver error: Element not found By.xpath: //span[@id='header-myaccount-link']
Dec 18, 2023 12:57:35 AM com.perficient.util.LogWebdriverEventListener onException
SEVERE: WebDriver error: Element not found By.xpath: //span[@id='header-myaccount-link']
Dec 18, 2023 12:57:38 AM com.perficient.util.PageManager snapshot
INFO: save snapshot path is:./test-output/errorImages\20235718_125738.png
Dec 18, 2023 12:57:40 AM com.perficient.util.PageManager snapshot
INFO: save snapshot path is:./test-output/errorImages\20235718_125738.png
Dec 18, 2023 12:57:41 AM com.perficient.util.LogWebdriverEventListener onException
SEVERE: WebDriver error: Element not found By.xpath: //span[@id='header-myaccount-link']
Dec 18, 2023 12:57:42 AM com.perficient.util.PageManager snapshot
INFO: save snapshot path is:./test-output/errorImages\20235718_1257382.png
Dec 18, 2023 12:57:44 AM com.perficient.util.LogWebdriverEventListener onException
SEVERE: WebDriver error: Element not found By.xpath: //span[@id='header-myaccount-link']
Dec 18, 2023 12:57:45 AM com.perficient.util.LogWebdriverEventListener onException
SEVERE: WebDriver error: Element not found By.xpath: //span[@id='header-myaccount-link']
Dec 18, 2023 12:57:46 AM com.perficient.util.PageManager snapshot
INFO: save snapshot path is:./test-output/errorImages\20235718_125746.png
Dec 18, 2023 12:57:48 AM com.perficient.util.PageManager snapshot
INFO: save snapshot path is:./test-output/errorImages\20235718_125748.png
Dec 18, 2023 12:57:48 AM com.perficient.util.PageManager snapshot
INFO: save snapshot path is:./test-output/errorImages\20235718_125746.png
]]></system-err>
  </testcase>
  <testcase name="homePageValidationAfterLogin" classname="com.perficient.testCases.Desktop.purdy.Verify_Login_Page_with_valid_credentials" time="61.929">
    <failure message="The following asserts failed:&#10;	expected [true] but found [false]" type="java.lang.AssertionError">java.lang.AssertionError: 
The following asserts failed:
	expected [true] but found [false]
</failure>
    <system-out><![CDATA[isScrollable value is true
date value is =====> java.text.SimpleDateFormat@d999a9bf
]]></system-out>
    <system-err><![CDATA[Dec 18, 2023 12:57:52 AM com.perficient.testCases.Desktop.purdy.Verify_Login_Page_with_valid_credentials tearDown
INFO: 2023.12.18_00.55 PurdyTestAutomation purdy Verify_Login_Page_with_valid_credentials chromeDesktop FAIL
Dec 18, 2023 12:57:53 AM com.perficient.util.LogWebdriverEventListener onException
SEVERE: WebDriver error: Element not found By.xpath: //span[@id='header-myaccount-link']
Dec 18, 2023 12:57:55 AM com.perficient.util.PageManager snapshot
INFO: save snapshot path is:./test-output/errorImages\20235718_125755.png
]]></system-err>
  </testcase>
</testsuite>