<?xml version="1.0" encoding="UTF-8"?>
<!-- Generated by org.testng.reporters.JUnitXMLReporter -->
<testsuite ignored="0" hostname="ZIL1280" failures="0" tests="3" name="Guest User - Plans Availability" time="58.569" errors="0" timestamp="2023-12-17T20:07:29 IST">
  <testcase classname="com.perficient.testCases.Mobile.purdy.Verify_Login_Page_with_valid_credentials" name="customerLogin" time="13.027"/>
  <testcase classname="com.perficient.testCases.Mobile.purdy.Verify_Login_Page_with_valid_credentials" name="redirectToLoginPage" time="21.011"/>
  <testcase classname="com.perficient.testCases.Mobile.purdy.Verify_Login_Page_with_valid_credentials" name="homePageValidationAfterLogin" time="22.748"/>
</testsuite> <!-- Guest User - Plans Availability -->
